<?xml version="1.0" encoding="UTF-8"?>
<!-- Generated by org.testng.reporters.JUnitReportReporter -->
<testsuite hostname="LAPTOP-IF2LQPSQ" failures="0" tests="4" name="Runners.runner" time="49.259" errors="0" timestamp="2024-12-17T22:34:51 IST" skipped="0">
  <testcase classname="Runners.runner" name="runScenario" time="18.931"/>
  <system-out/>
  <testcase classname="Runners.runner" name="runScenario" time="0.007"/>
  <system-out/>
  <testcase classname="Runners.runner" name="runScenario" time="30.312"/>
  <system-out/>
  <testcase classname="Runners.runner" name="runScenario" time="0.009"/>
  <system-out/>
</testsuite> <!-- Runners.runner -->
