<?xml version="1.0" encoding="UTF-8"?>
<!-- Generated by org.testng.reporters.JUnitReportReporter -->
<testsuite hostname="LAPTOP-IF2LQPSQ" failures="0" tests="1" name="Runners.caller_runner" time="9.339" errors="0" timestamp="2024-12-15T20:45:43 IST" skipped="0">
  <testcase classname="Runners.caller_runner" name="runScenario" time="9.339"/>
  <system-out/>
</testsuite> <!-- Runners.caller_runner -->
