<?xml version="1.0" encoding="UTF-8"?>
<!-- Generated by org.testng.reporters.JUnitReportReporter -->
<testsuite hostname="LAPTOP-IF2LQPSQ" failures="0" tests="4" name="Runners.runner" time="49.205" errors="0" timestamp="2024-12-24T22:27:55 IST" skipped="0">
  <testcase classname="Runners.runner" name="runScenario" time="0.010"/>
  <system-out/>
  <testcase classname="Runners.runner" name="runScenario" time="33.295"/>
  <system-out/>
  <testcase classname="Runners.runner" name="runScenario" time="15.890"/>
  <system-out/>
  <testcase classname="Runners.runner" name="runScenario" time="0.010"/>
  <system-out/>
</testsuite> <!-- Runners.runner -->
