<?xml version="1.0" encoding="UTF-8"?>
<!-- Generated by org.testng.reporters.JUnitReportReporter -->
<testsuite hostname="LAPTOP-IF2LQPSQ" failures="0" tests="1" name="Runners.receiver_runner" time="10.274" errors="0" timestamp="2024-12-17T22:34:51 IST" skipped="0">
  <testcase classname="Runners.receiver_runner" name="runScenario" time="10.274"/>
  <system-out/>
</testsuite> <!-- Runners.receiver_runner -->
