<?xml version="1.0" encoding="UTF-8"?>
<!-- Generated by org.testng.reporters.JUnitReportReporter -->
<testsuite hostname="LAPTOP-IF2LQPSQ" failures="0" tests="4" name="Runners.runner" time="53.978" errors="0" timestamp="2024-12-19T21:34:57 IST" skipped="0">
  <testcase classname="Runners.runner" name="runScenario" time="0.009"/>
  <system-out/>
  <testcase classname="Runners.runner" name="runScenario" time="0.013"/>
  <system-out/>
  <testcase classname="Runners.runner" name="runScenario" time="33.805"/>
  <system-out/>
  <testcase classname="Runners.runner" name="runScenario" time="20.151"/>
  <system-out/>
</testsuite> <!-- Runners.runner -->
