<?xml version="1.0" encoding="UTF-8"?>
<!-- Generated by org.testng.reporters.JUnitReportReporter -->
<testsuite hostname="LAPTOP-IF2LQPSQ" failures="0" tests="4" name="Runners.runner" time="52.458" errors="0" timestamp="2024-12-16T22:18:22 IST" skipped="0">
  <testcase classname="Runners.runner" name="runScenario" time="33.799"/>
  <system-out/>
  <testcase classname="Runners.runner" name="runScenario" time="18.637"/>
  <system-out/>
  <testcase classname="Runners.runner" name="runScenario" time="0.012"/>
  <system-out/>
  <testcase classname="Runners.runner" name="runScenario" time="0.010"/>
  <system-out/>
</testsuite> <!-- Runners.runner -->
