<?xml version="1.0" encoding="UTF-8"?>
<!-- Generated by org.testng.reporters.JUnitReportReporter -->
<testsuite hostname="LAPTOP-IF2LQPSQ" failures="0" tests="1" name="Runners.receiver_runner" time="5.661" errors="0" timestamp="2024-12-18T22:36:40 IST" skipped="0">
  <testcase classname="Runners.receiver_runner" name="runScenario" time="5.661"/>
  <system-out/>
</testsuite> <!-- Runners.receiver_runner -->
