<?xml version="1.0" encoding="UTF-8"?>
<!-- Generated by org.testng.reporters.JUnitReportReporter -->
<testsuite hostname="LAPTOP-IF2LQPSQ" failures="0" tests="4" name="Runners.runner" time="57.336" errors="0" timestamp="2024-12-20T10:32:27 IST" skipped="0">
  <testcase classname="Runners.runner" name="runScenario" time="23.533"/>
  <system-out/>
  <testcase classname="Runners.runner" name="runScenario" time="0.009"/>
  <system-out/>
  <testcase classname="Runners.runner" name="runScenario" time="0.008"/>
  <system-out/>
  <testcase classname="Runners.runner" name="runScenario" time="33.786"/>
  <system-out/>
</testsuite> <!-- Runners.runner -->
