<?xml version="1.0" encoding="UTF-8"?>
<!-- Generated by org.testng.reporters.JUnitReportReporter -->
<testsuite hostname="LAPTOP-IF2LQPSQ" failures="0" tests="1" name="Runners.receiver_runner" time="7.798" errors="0" timestamp="2024-12-16T22:18:22 IST" skipped="0">
  <testcase classname="Runners.receiver_runner" name="runScenario" time="7.798"/>
  <system-out/>
</testsuite> <!-- Runners.receiver_runner -->
