<?xml version="1.0" encoding="UTF-8"?>
<!-- Generated by org.testng.reporters.JUnitReportReporter -->
<testsuite hostname="LAPTOP-IF2LQPSQ" failures="0" tests="1" name="Runners.caller_runner" time="12.019" errors="0" timestamp="2024-12-17T22:34:51 IST" skipped="0">
  <testcase classname="Runners.caller_runner" name="runScenario" time="12.019"/>
  <system-out/>
</testsuite> <!-- Runners.caller_runner -->
