<?xml version="1.0" encoding="UTF-8"?>
<!-- Generated by org.testng.reporters.JUnitReportReporter -->
<testsuite hostname="LAPTOP-IF2LQPSQ" failures="0" tests="1" name="Runners.receiver_runner" time="5.206" errors="1" timestamp="2024-12-19T21:34:57 IST" skipped="0">
  <testcase classname="Runners.receiver_runner" name="runScenario" time="5.206">
    <error message="no such element: Unable to locate element: {&quot;method&quot;:&quot;xpath&quot;,&quot;selector&quot;:&quot;//button[@id=&#039;VerifyOtp&#039;]&quot;}
  (Session info: chrome=131.0.6778.140)
For documentation on this error, please visit: https://www.selenium.dev/documentation/webdriver/troubleshooting/errors#no-such-element-exception
Build info: version: &#039;4.24.0&#039;, revision: &#039;748ffc9bc3&#039;
System info: os.name: &#039;Windows 11&#039;, os.arch: &#039;amd64&#039;, os.version: &#039;10.0&#039;, java.version: &#039;21.0.4&#039;
Driver info: org.openqa.selenium.chrome.ChromeDriver
Command: [3e07bdf908e9e57dbb578c00175ac30d, findElement {using=xpath, value=//button[@id=&#039;VerifyOtp&#039;]}]
Capabilities {acceptInsecureCerts: false, browserName: chrome, browserVersion: 131.0.6778.140, chrome: {chromedriverVersion: 131.0.6778.204 (52183f9e99a..., userDataDir: C:\Users\guru\AppData\Local...}, fedcm:accounts: true, goog:chromeOptions: {debuggerAddress: localhost:62276}, networkConnectionEnabled: false, pageLoadStrategy: normal, platformName: windows, proxy: Proxy(), se:cdp: ws://localhost:62276/devtoo..., se:cdpVersion: 131.0.6778.140, setWindowRect: true, strictFileInteractability: false, timeouts: {implicit: 0, pageLoad: 300000, script: 30000}, unhandledPromptBehavior: dismiss and notify, webauthn:extension:credBlob: true, webauthn:extension:largeBlob: true, webauthn:extension:minPinLength: true, webauthn:extension:prf: true, webauthn:virtualAuthenticators: true}
Session ID: 3e07bdf908e9e57dbb578c00175ac30d" type="org.openqa.selenium.NoSuchElementException">
      <![CDATA[org.openqa.selenium.NoSuchElementException: no such element: Unable to locate element: {"method":"xpath","selector":"//button[@id='VerifyOtp']"}
  (Session info: chrome=131.0.6778.140)
For documentation on this error, please visit: https://www.selenium.dev/documentation/webdriver/troubleshooting/errors#no-such-element-exception
Build info: version: '4.24.0', revision: '748ffc9bc3'
System info: os.name: 'Windows 11', os.arch: 'amd64', os.version: '10.0', java.version: '21.0.4'
Driver info: org.openqa.selenium.chrome.ChromeDriver
Command: [3e07bdf908e9e57dbb578c00175ac30d, findElement {using=xpath, value=//button[@id='VerifyOtp']}]
Capabilities {acceptInsecureCerts: false, browserName: chrome, browserVersion: 131.0.6778.140, chrome: {chromedriverVersion: 131.0.6778.204 (52183f9e99a..., userDataDir: C:\Users\guru\AppData\Local...}, fedcm:accounts: true, goog:chromeOptions: {debuggerAddress: localhost:62276}, networkConnectionEnabled: false, pageLoadStrategy: normal, platformName: windows, proxy: Proxy(), se:cdp: ws://localhost:62276/devtoo..., se:cdpVersion: 131.0.6778.140, setWindowRect: true, strictFileInteractability: false, timeouts: {implicit: 0, pageLoad: 300000, script: 30000}, unhandledPromptBehavior: dismiss and notify, webauthn:extension:credBlob: true, webauthn:extension:largeBlob: true, webauthn:extension:minPinLength: true, webauthn:extension:prf: true, webauthn:virtualAuthenticators: true}
Session ID: 3e07bdf908e9e57dbb578c00175ac30d
at java.base/jdk.internal.reflect.DirectConstructorHandleAccessor.newInstance(DirectConstructorHandleAccessor.java:62)
at java.base/java.lang.reflect.Constructor.newInstanceWithCaller(Constructor.java:502)
at java.base/java.lang.reflect.Constructor.newInstance(Constructor.java:486)
at org.openqa.selenium.remote.ErrorCodec.decode(ErrorCodec.java:167)
at org.openqa.selenium.remote.codec.w3c.W3CHttpResponseCodec.decode(W3CHttpResponseCodec.java:138)
at org.openqa.selenium.remote.codec.w3c.W3CHttpResponseCodec.decode(W3CHttpResponseCodec.java:50)
at org.openqa.selenium.remote.HttpCommandExecutor.execute(HttpCommandExecutor.java:190)
at org.openqa.selenium.remote.service.DriverCommandExecutor.invokeExecute(DriverCommandExecutor.java:216)
at org.openqa.selenium.remote.service.DriverCommandExecutor.execute(DriverCommandExecutor.java:174)
at org.openqa.selenium.remote.RemoteWebDriver.execute(RemoteWebDriver.java:545)
at org.openqa.selenium.remote.ElementLocation$ElementFinder$2.findElement(ElementLocation.java:165)
at org.openqa.selenium.remote.ElementLocation.findElement(ElementLocation.java:59)
at org.openqa.selenium.remote.RemoteWebDriver.findElement(RemoteWebDriver.java:368)
at org.openqa.selenium.remote.RemoteWebDriver.findElement(RemoteWebDriver.java:362)
at mirrorflytest.stepdefication_receiver.receiver_click_on_the_register_button(stepdefication_receiver.java:32)
at âœ½.Receiver : click on the register button(file:///C:/Users/guru/Desktop/Automation_script/Mirrorfly/src/test/resources/login/receiver_login.feature:8)
]]>
    </error>
  </testcase> <!-- runScenario -->
  <system-out/>
</testsuite> <!-- Runners.receiver_runner -->
