<?xml version="1.0" encoding="UTF-8"?>
<!-- Generated by org.testng.reporters.JUnitReportReporter -->
<testsuite hostname="LAPTOP-IF2LQPSQ" failures="0" tests="1" name="Runners.caller_runner" time="8.046" errors="0" timestamp="2024-12-24T22:27:55 IST" skipped="0">
  <testcase classname="Runners.caller_runner" name="runScenario" time="8.046"/>
  <system-out/>
</testsuite> <!-- Runners.caller_runner -->
