<?xml version="1.0" encoding="UTF-8"?>
<!-- Generated by org.testng.reporters.JUnitReportReporter -->
<testsuite hostname="LAPTOP-IF2LQPSQ" failures="0" tests="1" name="Runners.caller_runner" time="11.375" errors="0" timestamp="2024-12-16T22:18:22 IST" skipped="0">
  <testcase classname="Runners.caller_runner" name="runScenario" time="11.375"/>
  <system-out/>
</testsuite> <!-- Runners.caller_runner -->
